<?xml version="1.0" encoding="UTF-8"?>
<!-- Generated by org.testng.reporters.JUnitXMLReporter -->
<testsuite ignored="0" hostname="LAPTOP-QS16KLAB" failures="0" tests="1" name="Default test" time="0.074" errors="0" timestamp="2023-01-27T16:33:27 IST">
  <testcase classname="com.mycaptain.test.BaseAutomationTest" name="@BeforeSuite initTestData" time="-1.674817406741E9">
    <failure type="org.testng.TestNGException" message="
Parameter &amp;apos;siteURL&amp;apos; is required by BeforeSuite on method initTestData but has not been marked @Optional or defined
in C:\Users\mamat\AppData\Local\Temp\testng-eclipse--878999129\testng-customsuite.xml">
      <![CDATA[org.testng.TestNGException: 
Parameter 'siteURL' is required by BeforeSuite on method initTestData but has not been marked @Optional or defined
in C:\Users\mamat\AppData\Local\Temp\testng-eclipse--878999129\testng-customsuite.xml
at org.testng.internal.Parameters.createParams(Parameters.java:270)
at org.testng.internal.Parameters.createParametersForMethod(Parameters.java:358)
at org.testng.internal.Parameters.createParameters(Parameters.java:700)
at org.testng.internal.Parameters.createConfigurationParameters(Parameters.java:168)
at org.testng.internal.ConfigInvoker.invokeConfigurations(ConfigInvoker.java:302)
at org.testng.SuiteRunner.privateRun(SuiteRunner.java:317)
at org.testng.SuiteRunner.run(SuiteRunner.java:276)
at org.testng.SuiteRunnerWorker.runSuite(SuiteRunnerWorker.java:53)
at org.testng.SuiteRunnerWorker.run(SuiteRunnerWorker.java:96)
at org.testng.TestNG.runSuitesSequentially(TestNG.java:1212)
at org.testng.TestNG.runSuitesLocally(TestNG.java:1134)
at org.testng.TestNG.runSuites(TestNG.java:1063)
at org.testng.TestNG.run(TestNG.java:1031)
at org.testng.remote.AbstractRemoteTestNG.run(AbstractRemoteTestNG.java:115)
at org.testng.remote.RemoteTestNG.initAndRun(RemoteTestNG.java:251)
at org.testng.remote.RemoteTestNG.main(RemoteTestNG.java:77)
]]>
    </failure>
  </testcase> <!-- @BeforeSuite initTestData -->
  <testcase classname="com.mycaptain.test.LoginTest" name="@BeforeClass initMethod" time="-1.67481740699E9">
    <skipped/>
  </testcase> <!-- @BeforeClass initMethod -->
  <testcase classname="com.mycaptain.test.LoginTest" name="@AfterClass quitdriver" time="-1.674817407032E9">
    <skipped/>
  </testcase> <!-- @AfterClass quitdriver -->
  <testcase classname="com.mycaptain.test.LoginTest" name="testVerifyLogin" time="0.0">
    <skipped/>
  </testcase> <!-- testVerifyLogin -->
</testsuite> <!-- Default test -->
